#
# There is insufficient memory for the Java Runtime Environment to continue.
# Native memory allocation (malloc) failed to allocate 1048576 bytes for AllocateHeap
# Possible reasons:
#   The system is out of physical RAM or swap space
#   In 32 bit mode, the process size limit was hit
# Possible solutions:
#   Reduce memory load on the system
#   Increase physical memory or swap space
#   Check if swap backing store is full
#   Use 64 bit Java on a 64 bit OS
#   Decrease Java heap size (-Xmx/-Xms)
#   Decrease number of Java threads
#   Decrease Java thread stack sizes (-Xss)
#   Set larger code cache with -XX:ReservedCodeCacheSize=
# This output file may be truncated or incomplete.
#
#  Out of Memory Error (memory/allocation.inline.hpp:61), pid=21044, tid=0x0000000000002338
#
# JRE version:  (8.0_101-b13) (build )
# Java VM: Java HotSpot(TM) 64-Bit Server VM (25.101-b13 mixed mode windows-amd64 compressed oops)
# Failed to write core dump. Minidumps are not enabled by default on client versions of Windows
#

---------------  T H R E A D  ---------------

Current thread (0x0000000003172800):  JavaThread "Unknown thread" [_thread_in_vm, id=9016, stack(0x0000000002f00000,0x0000000003000000)]

Stack: [0x0000000002f00000,0x0000000003000000]
[error occurred during error reporting (printing stack bounds), id 0xc0000005]

Native frames: (J=compiled Java code, j=interpreted, Vv=VM code, C=native code)


---------------  P R O C E S S  ---------------

Java Threads: ( => current thread )

Other Threads:

=>0x0000000003172800 (exited) JavaThread "Unknown thread" [_thread_in_vm, id=9016, stack(0x0000000002f00000,0x0000000003000000)]

VM state:not at safepoint (normal execution)

VM Mutex/Monitor currently owned by a thread: None

Heap:
 PSYoungGen      total 57344K, used 983K [0x0000000780580000, 0x0000000784580000, 0x00000007c0000000)
  eden space 49152K, 2% used [0x0000000780580000,0x0000000780675c38,0x0000000783580000)
  from space 8192K, 0% used [0x0000000783d80000,0x0000000783d80000,0x0000000784580000)
  to   space 8192K, 0% used [0x0000000783580000,0x0000000783580000,0x0000000783d80000)
 ParOldGen       total 131072K, used 0K [0x0000000701000000, 0x0000000709000000, 0x0000000780580000)
  object space 131072K, 0% used [0x0000000701000000,0x0000000701000000,0x0000000709000000)
 Metaspace       used 769K, capacity 4480K, committed 4480K, reserved 1056768K
  class space    used 75K, capacity 384K, committed 384K, reserved 1048576K

Card table byte_map: [0x0000000012630000,0x0000000012c30000] byte_map_base: 0x000000000ee28000

Marking Bits: (ParMarkBitMap*) 0x000000006a3da6d0
 Begin Bits: [0x0000000013430000, 0x00000000163f0000)
 End Bits:   [0x00000000163f0000, 0x00000000193b0000)

Polling page: 0x0000000002b20000

CodeCache: size=245760Kb used=328Kb max_used=328Kb free=245431Kb
 bounds [0x0000000003270000, 0x00000000034e0000, 0x0000000012270000]
 total_blobs=58 nmethods=0 adapters=38
 compilation: enabled

Compilation events (0 events):
No events

GC Heap History (0 events):
No events

Deoptimization events (0 events):
No events

Internal exceptions (0 events):
No events

Events (10 events):
Event: 0.055 loading class java/lang/Short
Event: 0.055 loading class java/lang/Short done
Event: 0.055 loading class java/lang/Integer
Event: 0.055 loading class java/lang/Integer done
Event: 0.055 loading class java/lang/Long
Event: 0.056 loading class java/lang/Long done
Event: 0.057 loading class java/lang/NullPointerException
Event: 0.057 loading class java/lang/NullPointerException done
Event: 0.057 loading class java/lang/ArithmeticException
Event: 0.057 loading class java/lang/ArithmeticException done


Dynamic libraries:
0x00007ff6853f0000 - 0x00007ff685427000 	C:\Program Files\Java\jdk1.8.0_101\bin\java.exe
0x00007ffbd0fd0000 - 0x00007ffbd11b1000 	C:\WINDOWS\SYSTEM32\ntdll.dll
0x00007ffbd0d20000 - 0x00007ffbd0dd2000 	C:\WINDOWS\System32\KERNEL32.DLL
0x00007ffbcd7e0000 - 0x00007ffbcda53000 	C:\WINDOWS\System32\KERNELBASE.dll
0x00007ffbd0b60000 - 0x00007ffbd0c01000 	C:\WINDOWS\System32\ADVAPI32.dll
0x00007ffbd0c80000 - 0x00007ffbd0d1e000 	C:\WINDOWS\System32\msvcrt.dll
0x00007ffbd09d0000 - 0x00007ffbd0a2b000 	C:\WINDOWS\System32\sechost.dll
0x00007ffbcf760000 - 0x00007ffbcf884000 	C:\WINDOWS\System32\RPCRT4.dll
0x00007ffbd03e0000 - 0x00007ffbd0570000 	C:\WINDOWS\System32\USER32.dll
0x00007ffbcd7c0000 - 0x00007ffbcd7e0000 	C:\WINDOWS\System32\win32u.dll
0x00007ffbd0f70000 - 0x00007ffbd0f98000 	C:\WINDOWS\System32\GDI32.dll
0x00007ffbcd100000 - 0x00007ffbcd292000 	C:\WINDOWS\System32\gdi32full.dll
0x00007ffbcd720000 - 0x00007ffbcd7bf000 	C:\WINDOWS\System32\msvcp_win.dll
0x00007ffbcd320000 - 0x00007ffbcd41a000 	C:\WINDOWS\System32\ucrtbase.dll
0x00007ffbbc700000 - 0x00007ffbbc969000 	C:\WINDOWS\WinSxS\amd64_microsoft.windows.common-controls_6595b64144ccf1df_6.0.17134.286_none_fb43982d306480cc\COMCTL32.dll
0x00007ffbd00b0000 - 0x00007ffbd03d3000 	C:\WINDOWS\System32\combase.dll
0x00007ffbce230000 - 0x00007ffbce2aa000 	C:\WINDOWS\System32\bcryptPrimitives.dll
0x00007ffbcfac0000 - 0x00007ffbcfaed000 	C:\WINDOWS\System32\IMM32.DLL
0x000000006a460000 - 0x000000006a532000 	C:\Program Files\Java\jdk1.8.0_101\jre\bin\msvcr100.dll
0x0000000069bc0000 - 0x000000006a45a000 	C:\Program Files\Java\jdk1.8.0_101\jre\bin\server\jvm.dll
0x00007ffbcd2a0000 - 0x00007ffbcd2c3000 	C:\WINDOWS\System32\WINMM.dll
0x00007ffbcd030000 - 0x00007ffbcd05a000 	C:\WINDOWS\System32\WINMMBASE.dll
0x00007ffbcd6d0000 - 0x00007ffbcd719000 	C:\WINDOWS\System32\cfgmgr32.dll
0x00007ffbd0570000 - 0x00007ffbd0578000 	C:\WINDOWS\System32\PSAPI.DLL
0x00007ffbb5ba0000 - 0x00007ffbb5ba9000 	C:\WINDOWS\SYSTEM32\WSOCK32.dll
0x00007ffbd0c10000 - 0x00007ffbd0c7c000 	C:\WINDOWS\System32\WS2_32.dll
0x00007ffbc3c40000 - 0x00007ffbc3c4a000 	C:\WINDOWS\SYSTEM32\VERSION.dll
0x000000006b210000 - 0x000000006b21f000 	C:\Program Files\Java\jdk1.8.0_101\jre\bin\verify.dll
0x0000000069b90000 - 0x0000000069bb9000 	C:\Program Files\Java\jdk1.8.0_101\jre\bin\java.dll
0x00000000699c0000 - 0x00000000699e3000 	C:\Program Files\Java\jdk1.8.0_101\jre\bin\instrument.dll
0x0000000069b70000 - 0x0000000069b86000 	C:\Program Files\Java\jdk1.8.0_101\jre\bin\zip.dll

VM Arguments:
jvm_args: -javaagent:E:\IDEA-INSTALL-DIR\IntelliJ IDEA 2019.1.3\lib\idea_rt.jar=55991:E:\IDEA-INSTALL-DIR\IntelliJ IDEA 2019.1.3\bin -Dfile.encoding=UTF-8 
java_command: com.utils.GeneCharTest
java_class_path (initial): C:\Program Files\Java\jdk1.8.0_101\jre\lib\charsets.jar;C:\Program Files\Java\jdk1.8.0_101\jre\lib\deploy.jar;C:\Program Files\Java\jdk1.8.0_101\jre\lib\ext\access-bridge-64.jar;C:\Program Files\Java\jdk1.8.0_101\jre\lib\ext\cldrdata.jar;C:\Program Files\Java\jdk1.8.0_101\jre\lib\ext\dnsns.jar;C:\Program Files\Java\jdk1.8.0_101\jre\lib\ext\jaccess.jar;C:\Program Files\Java\jdk1.8.0_101\jre\lib\ext\jfxrt.jar;C:\Program Files\Java\jdk1.8.0_101\jre\lib\ext\localedata.jar;C:\Program Files\Java\jdk1.8.0_101\jre\lib\ext\nashorn.jar;C:\Program Files\Java\jdk1.8.0_101\jre\lib\ext\sunec.jar;C:\Program Files\Java\jdk1.8.0_101\jre\lib\ext\sunjce_provider.jar;C:\Program Files\Java\jdk1.8.0_101\jre\lib\ext\sunmscapi.jar;C:\Program Files\Java\jdk1.8.0_101\jre\lib\ext\sunpkcs11.jar;C:\Program Files\Java\jdk1.8.0_101\jre\lib\ext\zipfs.jar;C:\Program Files\Java\jdk1.8.0_101\jre\lib\javaws.jar;C:\Program Files\Java\jdk1.8.0_101\jre\lib\jce.jar;C:\Program Files\Java\jdk1.8.0_101\jre\lib\jfr.jar;C:\Program Files\Java\jdk1.8.0_101\jre\lib\jfxswt.jar;C:\Program Files\Java\jdk1.8.0_101\jre\lib\jsse.jar;C:\Program Files\Java\jdk1.8.0_101\jre\lib\management-agent.jar;C:\Program Files\Java\jdk1.8.0_101\jre\lib\plugin.jar;C:\Program Files\Java\jdk1.8.0_101\jre\lib\resources.jar;C:\Program Files\Java\jdk1.8.0_101\jre\lib\rt.jar;E:\IDEA\demo\self-demo-project\target\classes;E:\IDEA-INSTALL-DIR\IntelliJ IDEA 2019.1.3\lib\idea_rt.jar
Launcher Type: SUN_STANDARD

Environment Variables:
JAVA_HOME=C:\Program Files\Java\jdk1.8.0_101
PATH=C:\oracleclient;C:\oracle\product\11.2.0\dbhome_1\bin;C:\ProgramData\Oracle\Java\javapath;C:\WINDOWS\system32;C:\WINDOWS;C:\WINDOWS\System32\Wbem;C:\WINDOWS\System32\WindowsPowerShell\v1.0\;C:\Program Files\Java\jdk1.8.0_101\bin;D:\Java\MYSQL\bin;D:\SVN\bin;D:\SVN\TortoiseSVN\bin;D:\Java\apache-maven-3.2.1\bin;D:\Git\cmd;D:\GitClient\bin;C:\Program Files (x86)\scala\bin;C:\WINDOWS\System32\OpenSSH\;D:\Java\gradle-4.8.1-bin\gradle-4.8.1\bin;C:\Program Files\Intel\WiFi\bin\;C:\Program Files\Common Files\Intel\WirelessCommon\;D:\node\installdir\;D:\PYTHON\Python34\;D:\Anaconda5.3.1;D:\Anaconda5.3.1\Library\mingw-w64\bin;D:\Anaconda5.3.1\Library\usr\bin;D:\Anaconda5.3.1\Library\bin;D:\Anaconda5.3.1\Scripts;C:\Users\wq\AppData\Local\Microsoft\WindowsApps;D:\360°²È«ä¯ÀÀÆ÷ÏÂÔØ\adt-bundle-windows-x86_64-20130729\sdk\platform-tools;D:\SVN\bin;D:\Java\maven\bin;D:\ScureCRT\scureCrt\;C:\oracle\product\11.2.0\dbhome_1\instantclient;D:\mongodb\Server\3.4\bin;D:\PYTHON\Python34\Scripts;C:\Program Files (x86)\scala\bin;C:\Program Files\Intel\WiFi\bin\;C:\Program Files\Common Files\Intel\WirelessCommon\;D:\PYTHON\Python34;C:\Users\wq\AppData\Roaming\npm
USERNAME=wq
OS=Windows_NT
PROCESSOR_IDENTIFIER=Intel64 Family 6 Model 69 Stepping 1, GenuineIntel



---------------  S Y S T E M  ---------------

OS: Windows 10.0 , 64 bit Build 17134 (10.0.17134.1)

CPU:total 4 (2 cores per cpu, 2 threads per core) family 6 model 69 stepping 1, cmov, cx8, fxsr, mmx, sse, sse2, sse3, ssse3, sse4.1, sse4.2, popcnt, avx, avx2, aes, clmul, erms, lzcnt, ht, tsc, tscinvbit, bmi1, bmi2

Memory: 4k page, physical 12509548k(1840964k free), swap 12509548k(5404k free)

vm_info: Java HotSpot(TM) 64-Bit Server VM (25.101-b13) for windows-amd64 JRE (1.8.0_101-b13), built on Jun 22 2016 01:21:29 by "java_re" with MS VC++ 10.0 (VS2010)

time: Fri Nov 15 10:54:54 2019
elapsed time: 0 seconds (0d 0h 0m 0s)

